<?xml version="1.0" encoding="UTF-8"?>
<coverage generated="1755671695080" clover="3.2.0">
  <project timestamp="1755671695080" name="All files">
    <metrics statements="32" coveredstatements="0" conditionals="6" coveredconditionals="0" methods="7" coveredmethods="0" elements="45" coveredelements="0" complexity="0" loc="32" ncloc="32" packages="1" files="1" classes="1"/>
    <file name="server.js" path="C:\Users\dharm\OneDrive\Desktop\AI_Git_Unit-test\AI-Tester\server\server.js">
      <metrics statements="32" coveredstatements="0" conditionals="6" coveredconditionals="0" methods="7" coveredmethods="0"/>
      <line num="1" count="0" type="stmt"/>
      <line num="2" count="0" type="stmt"/>
      <line num="3" count="0" type="stmt"/>
      <line num="5" count="0" type="stmt"/>
      <line num="8" count="0" type="stmt"/>
      <line num="9" count="0" type="stmt"/>
      <line num="13" count="0" type="stmt"/>
      <line num="14" count="0" type="stmt"/>
      <line num="15" count="0" type="stmt"/>
      <line num="16" count="0" type="stmt"/>
      <line num="20" count="0" type="stmt"/>
      <line num="21" count="0" type="stmt"/>
      <line num="22" count="0" type="stmt"/>
      <line num="23" count="0" type="stmt"/>
      <line num="25" count="0" type="cond" truecount="0" falsecount="2"/>
      <line num="26" count="0" type="stmt"/>
      <line num="29" count="0" type="stmt"/>
      <line num="33" count="0" type="stmt"/>
      <line num="34" count="0" type="stmt"/>
      <line num="35" count="0" type="stmt"/>
      <line num="36" count="0" type="stmt"/>
      <line num="38" count="0" type="stmt"/>
      <line num="39" count="0" type="cond" truecount="0" falsecount="2"/>
      <line num="40" count="0" type="stmt"/>
      <line num="41" count="0" type="stmt"/>
      <line num="43" count="0" type="stmt"/>
      <line num="46" count="0" type="cond" truecount="0" falsecount="2"/>
      <line num="47" count="0" type="stmt"/>
      <line num="50" count="0" type="stmt"/>
      <line num="53" count="0" type="stmt"/>
      <line num="54" count="0" type="stmt"/>
      <line num="57" count="0" type="stmt"/>
    </file>
  </project>
</coverage>
